[19:13:38] [INIT] KubeJS 2001.6.5-build.16; MC 2001 forge
[19:13:38] [INIT] Loaded plugins:
[19:13:38] [INIT] - dev.latvian.mods.kubejs.forge.BuiltinKubeJSForgePlugin
[19:13:38] [INIT] - dev.latvian.mods.kubejs.forge.BuiltinKubeJSForgeClientPlugin
[19:13:38] [INIT] - com.sunekaer.sdrp.integration.kubejs.SDRPKubeJSIntegration
[19:13:38] [INIT] - com.tom.createores.kubejs.KubeJSExcavation
[19:13:38] [INIT] - dev.latvian.mods.kubejs.create.KubeJSCreatePlugin
[19:13:38] [INIT] - com.almostreliable.morejs.Plugin
[19:13:38] [INIT] - qinomed.kubejsdelight.KubeJSDelightPlugin
[19:13:38] [INFO] Loaded script server_scripts:ship_helm_changer.js in 0.0 s
[19:13:38] [INFO] Loaded script server_scripts:wooly_feathers.js in 0.001 s
[19:13:38] [INFO] Loaded script server_scripts:tool_upgrades_paste_change.js in 0.001 s
[19:13:38] [INFO] Loaded script server_scripts:ruined_book_recipe.js in 0.0 s
[19:13:38] [INFO] Loaded script server_scripts:remove_duplicate_every_compat.js in 0.0 s
[19:13:38] [INFO] Loaded script server_scripts:merge_wool_recipes.js in 0.001 s
[19:13:38] [INFO] Loaded script server_scripts:large_half_shaft_cogwheel_simplify.js in 0.0 s
[19:13:38] [INFO] Loaded script server_scripts:simplify_cracked_mud_bricks.js in 0.0 s
[19:13:38] [INFO] Loaded script server_scripts:removing_duplicate_crates.js in 0.001 s
[19:13:38] [INFO] Loaded script server_scripts:remove_tnt_arrow.js in 0.0 s
[19:13:38] [INFO] Loaded script server_scripts:levitation_stone_trade.js in 0.002 s
[19:13:38] [INFO] Loaded script server_scripts:unify_copper_armour.js in 0.001 s
[19:13:38] [INFO] Loaded script server_scripts:remove_duplicate_diamond_arrow.js in 0.0 s
[19:13:38] [INFO] Loaded script server_scripts:cake_simplification.js in 0.0 s
[19:13:38] [INFO] Loaded script server_scripts:amethyst_shard_recipe_removing.js in 0.0 s
[19:13:38] [INFO] Loaded script server_scripts:nebulus_brass_removal.js in 0.001 s
[19:13:38] [INFO] Loaded script server_scripts:rotten_slab_recipe_merging.js in 0.0 s
[19:13:38] [INFO] Loaded 17/17 KubeJS server scripts in 0.012 s with 0 errors and 0 warnings
[19:13:38] [INFO] Scripts loaded
[19:13:38] [INFO] Initializing recipe event...
[19:13:38] [WARN] Due to the way Minecraft resource loading works, KubeJS' server.log may not contain everything that happened in your server scripts on initial world creation.
[19:13:38] [WARN] You can still see the full log (including past reloads) in your latest.log file.
[19:13:50] [INFO] Server resource reload complete!
